-------------XXXXXXXXX--X
----------------XX----X-X
---------------X-X----X-X
-X-------XXXXXX-XXXXXX--X
-X---XXXXXXXXX-X------X-X
---XXXX------X--XXXXXX-XX
-XX-XXXX-X-X-X-X------X-X
-X--XXXXX--X----------X-X
-X----X--X-X----X-----X-X
-XX---X--X-X----XXXX--XXX
-X--X-X-X-X-XXXX-XX---XXX
-XX-X-X--X-X----X-----XXX
-X--X--XX-X-XXXX------XXX
--X-X-X--X-X----X--X--XXX
XX-X-X-XX-X-X---X--X--XXX
----X-X--X-X----X--X--XXX
-----X---X-X---X-XX-XX-XX
----X-X-X-X-XXXX-X--X-XXX
----X-X--X-X----X-XX--XX-
----X-X--X-X----X-X---XX-
----X-X--X-X---XX---XX-X-
-----X-XX-X-XXX-X--XXX-X-
------X----XXXXXX-X-XX---
------X----------X--XXX--
----XXXXXXXXXXXXXXXXX----
