---X--XXXXXXXXXXXXX------
---X--X------------------
-XX---XXX-X-XX---XXXXXXXX
---X-XXX--XX-------------
-----XXX--X----XXXXXXXXXX
-X-X--XXXX-XX---X-X------
--X---X---X---X--XX------
--X---X-----X-XX---------
--X---X---XX--XX---------
--X---X---XX--X--XXXXXXXX
--X-X-X---X---X-----X----
--XX-XXXXX--X-X---X-X----
--X-XX----XX--X-X-X-X----
---X-X-X--X-XX-X-X-X-X-XX
-X-X-X-XXXX---X-X---XXX--
X-XX-XXXXXX-XX-X-XXX-XX--
---X-XX----X--X-------XXX
----X-X--X-X-XX------X-X-
----X-X--X-X-XX------X---
X-X-X-XXX--X-XX------X---
X-X-X-XXX-X-XXXX-----X-X-
X--X-X-XX-X-X---XXXXX-X-X
X-X--X---X-XX-XX------X--
--X-XX---XXXXXX-X----X-X-
X--------XX----X----X-XX-
